[2018-02-19 08:55:34] lumen.ERROR: Symfony\Component\Debug\Exception\FatalThrowableError: Class 'Memcached' not found in D:\xampp\htdocs\lumen\lumen1\vendor\illuminate\cache\MemcachedConnector.php:69
Stack trace:
#0 D:\xampp\htdocs\lumen\lumen1\vendor\illuminate\cache\MemcachedConnector.php(48): Illuminate\Cache\MemcachedConnector->createMemcachedInstance(NULL)
#1 D:\xampp\htdocs\lumen\lumen1\vendor\illuminate\cache\MemcachedConnector.php(21): Illuminate\Cache\MemcachedConnector->getMemcached(NULL, Array, Array)
#2 D:\xampp\htdocs\lumen\lumen1\vendor\illuminate\cache\CacheManager.php(172): Illuminate\Cache\MemcachedConnector->connect(Array, NULL, Array, Array)
#3 D:\xampp\htdocs\lumen\lumen1\vendor\illuminate\cache\CacheManager.php(106): Illuminate\Cache\CacheManager->createMemcachedDriver(Array)
#4 D:\xampp\htdocs\lumen\lumen1\vendor\illuminate\cache\CacheManager.php(81): Illuminate\Cache\CacheManager->resolve('memcached')
#5 D:\xampp\htdocs\lumen\lumen1\vendor\illuminate\cache\CacheManager.php(59): Illuminate\Cache\CacheManager->get('memcached')
#6 D:\xampp\htdocs\lumen\lumen1\vendor\illuminate\cache\CacheManager.php(70): Illuminate\Cache\CacheManager->store('memcached')
#7 D:\xampp\htdocs\lumen\lumen1\vendor\illuminate\cache\CacheServiceProvider.php(28): Illuminate\Cache\CacheManager->driver()
#8 D:\xampp\htdocs\lumen\lumen1\vendor\illuminate\container\Container.php(726): Illuminate\Cache\CacheServiceProvider->Illuminate\Cache\{closure}(Object(Laravel\Lumen\Application), Array)
#9 D:\xampp\htdocs\lumen\lumen1\vendor\illuminate\container\Container.php(608): Illuminate\Container\Container->build(Object(Closure))
#10 D:\xampp\htdocs\lumen\lumen1\vendor\illuminate\container\Container.php(575): Illuminate\Container\Container->resolve('cache.store')
#11 D:\xampp\htdocs\lumen\lumen1\vendor\laravel\lumen-framework\src\Application.php(210): Illuminate\Container\Container->make('cache.store')
#12 D:\xampp\htdocs\lumen\lumen1\vendor\illuminate\container\Container.php(1172): Laravel\Lumen\Application->make('cache.store')
#13 D:\xampp\htdocs\lumen\lumen1\vendor\laravel\lumen-framework\src\Console\Kernel.php(68): Illuminate\Container\Container->offsetGet('Illuminate\\Cont...')
#14 D:\xampp\htdocs\lumen\lumen1\vendor\laravel\lumen-framework\src\Console\Kernel.php(57): Laravel\Lumen\Console\Kernel->defineConsoleSchedule()
#15 [internal function]: Laravel\Lumen\Console\Kernel->__construct(Object(Laravel\Lumen\Application))
#16 D:\xampp\htdocs\lumen\lumen1\vendor\illuminate\container\Container.php(762): ReflectionClass->newInstanceArgs(Array)
#17 D:\xampp\htdocs\lumen\lumen1\vendor\illuminate\container\Container.php(608): Illuminate\Container\Container->build('App\\Console\\Ker...')
#18 D:\xampp\htdocs\lumen\lumen1\vendor\illuminate\container\Container.php(564): Illuminate\Container\Container->resolve('App\\Console\\Ker...', Array)
#19 D:\xampp\htdocs\lumen\lumen1\vendor\illuminate\container\Container.php(248): Illuminate\Container\Container->makeWith('App\\Console\\Ker...', Array)
#20 D:\xampp\htdocs\lumen\lumen1\vendor\illuminate\container\Container.php(726): Illuminate\Container\Container->Illuminate\Container\{closure}(Object(Laravel\Lumen\Application), Array)
#21 D:\xampp\htdocs\lumen\lumen1\vendor\illuminate\container\Container.php(608): Illuminate\Container\Container->build(Object(Closure))
#22 D:\xampp\htdocs\lumen\lumen1\vendor\illuminate\container\Container.php(575): Illuminate\Container\Container->resolve('Illuminate\\Cont...')
#23 D:\xampp\htdocs\lumen\lumen1\vendor\laravel\lumen-framework\src\Application.php(210): Illuminate\Container\Container->make('Illuminate\\Cont...')
#24 D:\xampp\htdocs\lumen\lumen1\artisan(32): Laravel\Lumen\Application->make('Illuminate\\Cont...')
#25 {main}  
[2018-02-19 08:56:00] lumen.ERROR: Symfony\Component\Console\Exception\CommandNotFoundException: There are no commands defined in the "key" namespace. in D:\xampp\htdocs\lumen\lumen1\vendor\symfony\console\Application.php:564
Stack trace:
#0 D:\xampp\htdocs\lumen\lumen1\vendor\symfony\console\Application.php(604): Symfony\Component\Console\Application->findNamespace('key')
#1 D:\xampp\htdocs\lumen\lumen1\vendor\symfony\console\Application.php(229): Symfony\Component\Console\Application->find('key:generate')
#2 D:\xampp\htdocs\lumen\lumen1\vendor\symfony\console\Application.php(148): Symfony\Component\Console\Application->doRun(Object(Symfony\Component\Console\Input\ArgvInput), Object(Symfony\Component\Console\Output\ConsoleOutput))
#3 D:\xampp\htdocs\lumen\lumen1\vendor\laravel\lumen-framework\src\Console\Kernel.php(84): Symfony\Component\Console\Application->run(Object(Symfony\Component\Console\Input\ArgvInput), Object(Symfony\Component\Console\Output\ConsoleOutput))
#4 D:\xampp\htdocs\lumen\lumen1\artisan(35): Laravel\Lumen\Console\Kernel->handle(Object(Symfony\Component\Console\Input\ArgvInput), Object(Symfony\Component\Console\Output\ConsoleOutput))
#5 {main}  
[2018-02-19 08:56:43] lumen.ERROR: Symfony\Component\Console\Exception\CommandNotFoundException: There are no commands defined in the "key" namespace. in D:\xampp\htdocs\lumen\lumen1\vendor\symfony\console\Application.php:564
Stack trace:
#0 D:\xampp\htdocs\lumen\lumen1\vendor\symfony\console\Application.php(604): Symfony\Component\Console\Application->findNamespace('key')
#1 D:\xampp\htdocs\lumen\lumen1\vendor\symfony\console\Application.php(229): Symfony\Component\Console\Application->find('key:generat')
#2 D:\xampp\htdocs\lumen\lumen1\vendor\symfony\console\Application.php(148): Symfony\Component\Console\Application->doRun(Object(Symfony\Component\Console\Input\ArgvInput), Object(Symfony\Component\Console\Output\ConsoleOutput))
#3 D:\xampp\htdocs\lumen\lumen1\vendor\laravel\lumen-framework\src\Console\Kernel.php(84): Symfony\Component\Console\Application->run(Object(Symfony\Component\Console\Input\ArgvInput), Object(Symfony\Component\Console\Output\ConsoleOutput))
#4 D:\xampp\htdocs\lumen\lumen1\artisan(35): Laravel\Lumen\Console\Kernel->handle(Object(Symfony\Component\Console\Input\ArgvInput), Object(Symfony\Component\Console\Output\ConsoleOutput))
#5 {main}  
[2018-02-19 09:00:42] lumen.ERROR: Symfony\Component\Console\Exception\CommandNotFoundException: There are no commands defined in the "key" namespace. in D:\xampp\htdocs\lumen\lumen1\vendor\symfony\console\Application.php:564
Stack trace:
#0 D:\xampp\htdocs\lumen\lumen1\vendor\symfony\console\Application.php(604): Symfony\Component\Console\Application->findNamespace('key')
#1 D:\xampp\htdocs\lumen\lumen1\vendor\symfony\console\Application.php(229): Symfony\Component\Console\Application->find('key:generate')
#2 D:\xampp\htdocs\lumen\lumen1\vendor\symfony\console\Application.php(148): Symfony\Component\Console\Application->doRun(Object(Symfony\Component\Console\Input\ArgvInput), Object(Symfony\Component\Console\Output\ConsoleOutput))
#3 D:\xampp\htdocs\lumen\lumen1\vendor\laravel\lumen-framework\src\Console\Kernel.php(84): Symfony\Component\Console\Application->run(Object(Symfony\Component\Console\Input\ArgvInput), Object(Symfony\Component\Console\Output\ConsoleOutput))
#4 D:\xampp\htdocs\lumen\lumen1\artisan(35): Laravel\Lumen\Console\Kernel->handle(Object(Symfony\Component\Console\Input\ArgvInput), Object(Symfony\Component\Console\Output\ConsoleOutput))
#5 {main}  
[2018-02-19 09:02:40] lumen.ERROR: Symfony\Component\Console\Exception\CommandNotFoundException: Command "key" is not defined.

Did you mean this?
    key:generate in D:\xampp\htdocs\lumen\lumen1\vendor\symfony\console\Application.php:618
Stack trace:
#0 D:\xampp\htdocs\lumen\lumen1\vendor\symfony\console\Application.php(229): Symfony\Component\Console\Application->find('key')
#1 D:\xampp\htdocs\lumen\lumen1\vendor\symfony\console\Application.php(148): Symfony\Component\Console\Application->doRun(Object(Symfony\Component\Console\Input\ArgvInput), Object(Symfony\Component\Console\Output\ConsoleOutput))
#2 D:\xampp\htdocs\lumen\lumen1\vendor\laravel\lumen-framework\src\Console\Kernel.php(84): Symfony\Component\Console\Application->run(Object(Symfony\Component\Console\Input\ArgvInput), Object(Symfony\Component\Console\Output\ConsoleOutput))
#3 D:\xampp\htdocs\lumen\lumen1\artisan(35): Laravel\Lumen\Console\Kernel->handle(Object(Symfony\Component\Console\Input\ArgvInput), Object(Symfony\Component\Console\Output\ConsoleOutput))
#4 {main}  
[2018-02-19 09:31:38] lumen.ERROR: Symfony\Component\Debug\Exception\FatalThrowableError: Using $this when not in object context in D:\xampp\htdocs\lumen\lumen1\bootstrap\app.php:88
Stack trace:
#0 D:\xampp\htdocs\lumen\lumen1\artisan(18): require()
#1 {main}  
[2018-02-19 09:32:13] lumen.ERROR: Symfony\Component\Debug\Exception\FatalThrowableError: Using $this when not in object context in D:\xampp\htdocs\lumen\lumen1\bootstrap\app.php:88
Stack trace:
#0 D:\xampp\htdocs\lumen\lumen1\artisan(18): require()
#1 {main}  
[2018-02-19 09:32:31] lumen.ERROR: Symfony\Component\Debug\Exception\FatalThrowableError: Using $this when not in object context in D:\xampp\htdocs\lumen\lumen1\bootstrap\app.php:88
Stack trace:
#0 D:\xampp\htdocs\lumen\lumen1\artisan(18): require()
#1 {main}  
[2018-02-19 09:34:03] lumen.ERROR: Symfony\Component\Debug\Exception\FatalThrowableError: Using $this when not in object context in D:\xampp\htdocs\lumen\lumen1\bootstrap\app.php:89
Stack trace:
#0 D:\xampp\htdocs\lumen\lumen1\artisan(18): require()
#1 {main}  
[2018-02-19 09:35:32] lumen.ERROR: Symfony\Component\Debug\Exception\FatalThrowableError: Using $this when not in object context in D:\xampp\htdocs\lumen\lumen1\bootstrap\app.php:89
Stack trace:
#0 D:\xampp\htdocs\lumen\lumen1\artisan(18): require()
#1 {main}  
[2018-02-19 09:35:38] lumen.ERROR: Symfony\Component\Debug\Exception\FatalThrowableError: Using $this when not in object context in D:\xampp\htdocs\lumen\lumen1\bootstrap\app.php:89
Stack trace:
#0 D:\xampp\htdocs\lumen\lumen1\artisan(18): require()
#1 {main}  
[2018-02-19 09:37:06] lumen.ERROR: Symfony\Component\Debug\Exception\FatalThrowableError: Using $this when not in object context in D:\xampp\htdocs\lumen\lumen1\bootstrap\app.php:89
Stack trace:
#0 D:\xampp\htdocs\lumen\lumen1\artisan(18): require()
#1 {main}  
[2018-02-19 09:37:33] lumen.ERROR: Symfony\Component\Debug\Exception\FatalThrowableError: Using $this when not in object context in D:\xampp\htdocs\lumen\lumen1\bootstrap\app.php:89
Stack trace:
#0 D:\xampp\htdocs\lumen\lumen1\artisan(18): require()
#1 {main}  
[2018-02-19 09:48:00] lumen.ERROR: Symfony\Component\Console\Exception\CommandNotFoundException: Command "migrat" is ambiguous.
Did you mean one of these?
    migrate          Run the database migrations
    migrate:install  Create the migration repository
    migrate:refresh  Reset and re-run all migrations
    migrate:reset    Rollback all database migrations
    migrate:rollback Rollback the last database migration
    migrate:status   Show the status of each migration in D:\xampp\htdocs\lumen\lumen1\vendor\symfony\console\Application.php:650
Stack trace:
#0 D:\xampp\htdocs\lumen\lumen1\vendor\symfony\console\Application.php(229): Symfony\Component\Console\Application->find('migrat')
#1 D:\xampp\htdocs\lumen\lumen1\vendor\symfony\console\Application.php(148): Symfony\Component\Console\Application->doRun(Object(Symfony\Component\Console\Input\ArgvInput), Object(Symfony\Component\Console\Output\ConsoleOutput))
#2 D:\xampp\htdocs\lumen\lumen1\vendor\laravel\lumen-framework\src\Console\Kernel.php(84): Symfony\Component\Console\Application->run(Object(Symfony\Component\Console\Input\ArgvInput), Object(Symfony\Component\Console\Output\ConsoleOutput))
#3 D:\xampp\htdocs\lumen\lumen1\artisan(35): Laravel\Lumen\Console\Kernel->handle(Object(Symfony\Component\Console\Input\ArgvInput), Object(Symfony\Component\Console\Output\ConsoleOutput))
#4 {main}  
[2018-02-19 09:48:05] lumen.ERROR: BadMethodCallException: Method softDelete does not exist. in D:\xampp\htdocs\lumen\lumen1\vendor\illuminate\support\Traits\Macroable.php:74
Stack trace:
#0 D:\xampp\htdocs\lumen\lumen1\database\migrations\2018_02_19_094131_create_table_users.php(25): Illuminate\Database\Schema\Blueprint->__call('softDelete', Array)
#1 D:\xampp\htdocs\lumen\lumen1\vendor\illuminate\database\Schema\Builder.php(163): CreateTableUsers->{closure}(Object(Illuminate\Database\Schema\Blueprint))
#2 D:\xampp\htdocs\lumen\lumen1\vendor\illuminate\support\helpers.php(964): Illuminate\Database\Schema\Builder->Illuminate\Database\Schema\{closure}(Object(Illuminate\Database\Schema\Blueprint))
#3 D:\xampp\htdocs\lumen\lumen1\vendor\illuminate\database\Schema\Builder.php(164): tap(Object(Illuminate\Database\Schema\Blueprint), Object(Closure))
#4 D:\xampp\htdocs\lumen\lumen1\vendor\illuminate\support\Facades\Facade.php(221): Illuminate\Database\Schema\Builder->create('users', Object(Closure))
#5 D:\xampp\htdocs\lumen\lumen1\database\migrations\2018_02_19_094131_create_table_users.php(26): Illuminate\Support\Facades\Facade::__callStatic('create', Array)
#6 D:\xampp\htdocs\lumen\lumen1\vendor\illuminate\database\Migrations\Migrator.php(359): CreateTableUsers->up()
#7 D:\xampp\htdocs\lumen\lumen1\vendor\illuminate\database\Migrations\Migrator.php(365): Illuminate\Database\Migrations\Migrator->Illuminate\Database\Migrations\{closure}()
#8 D:\xampp\htdocs\lumen\lumen1\vendor\illuminate\database\Migrations\Migrator.php(177): Illuminate\Database\Migrations\Migrator->runMigration(Object(CreateTableUsers), 'up')
#9 D:\xampp\htdocs\lumen\lumen1\vendor\illuminate\database\Migrations\Migrator.php(146): Illuminate\Database\Migrations\Migrator->runUp('D:\\xampp\\htdocs...', 2, false)
#10 D:\xampp\htdocs\lumen\lumen1\vendor\illuminate\database\Migrations\Migrator.php(95): Illuminate\Database\Migrations\Migrator->runPending(Array, Array)
#11 D:\xampp\htdocs\lumen\lumen1\vendor\illuminate\database\Console\Migrations\MigrateCommand.php(69): Illuminate\Database\Migrations\Migrator->run(Array, Array)
#12 [internal function]: Illuminate\Database\Console\Migrations\MigrateCommand->fire()
#13 D:\xampp\htdocs\lumen\lumen1\vendor\illuminate\container\BoundMethod.php(29): call_user_func_array(Array, Array)
#14 D:\xampp\htdocs\lumen\lumen1\vendor\illuminate\container\BoundMethod.php(87): Illuminate\Container\BoundMethod::Illuminate\Container\{closure}()
#15 D:\xampp\htdocs\lumen\lumen1\vendor\illuminate\container\BoundMethod.php(31): Illuminate\Container\BoundMethod::callBoundMethod(Object(Laravel\Lumen\Application), Array, Object(Closure))
#16 D:\xampp\htdocs\lumen\lumen1\vendor\illuminate\container\Container.php(539): Illuminate\Container\BoundMethod::call(Object(Laravel\Lumen\Application), Array, Array, NULL)
#17 D:\xampp\htdocs\lumen\lumen1\vendor\illuminate\console\Command.php(182): Illuminate\Container\Container->call(Array)
#18 D:\xampp\htdocs\lumen\lumen1\vendor\symfony\console\Command\Command.php(252): Illuminate\Console\Command->execute(Object(Symfony\Component\Console\Input\ArgvInput), Object(Illuminate\Console\OutputStyle))
#19 D:\xampp\htdocs\lumen\lumen1\vendor\illuminate\console\Command.php(167): Symfony\Component\Console\Command\Command->run(Object(Symfony\Component\Console\Input\ArgvInput), Object(Illuminate\Console\OutputStyle))
#20 D:\xampp\htdocs\lumen\lumen1\vendor\symfony\console\Application.php(946): Illuminate\Console\Command->run(Object(Symfony\Component\Console\Input\ArgvInput), Object(Symfony\Component\Console\Output\ConsoleOutput))
#21 D:\xampp\htdocs\lumen\lumen1\vendor\symfony\console\Application.php(248): Symfony\Component\Console\Application->doRunCommand(Object(Illuminate\Database\Console\Migrations\MigrateCommand), Object(Symfony\Component\Console\Input\ArgvInput), Object(Symfony\Component\Console\Output\ConsoleOutput))
#22 D:\xampp\htdocs\lumen\lumen1\vendor\symfony\console\Application.php(148): Symfony\Component\Console\Application->doRun(Object(Symfony\Component\Console\Input\ArgvInput), Object(Symfony\Component\Console\Output\ConsoleOutput))
#23 D:\xampp\htdocs\lumen\lumen1\vendor\laravel\lumen-framework\src\Console\Kernel.php(84): Symfony\Component\Console\Application->run(Object(Symfony\Component\Console\Input\ArgvInput), Object(Symfony\Component\Console\Output\ConsoleOutput))
#24 D:\xampp\htdocs\lumen\lumen1\artisan(35): Laravel\Lumen\Console\Kernel->handle(Object(Symfony\Component\Console\Input\ArgvInput), Object(Symfony\Component\Console\Output\ConsoleOutput))
#25 {main}  
[2018-02-19 09:59:13] lumen.ERROR: ReflectionException: Class UsersTableSeeder does not exist in D:\xampp\htdocs\lumen\lumen1\vendor\illuminate\container\Container.php:729
Stack trace:
#0 D:\xampp\htdocs\lumen\lumen1\vendor\illuminate\container\Container.php(729): ReflectionClass->__construct('UsersTableSeede...')
#1 D:\xampp\htdocs\lumen\lumen1\vendor\illuminate\container\Container.php(608): Illuminate\Container\Container->build('UsersTableSeede...')
#2 D:\xampp\htdocs\lumen\lumen1\vendor\illuminate\container\Container.php(575): Illuminate\Container\Container->resolve('UsersTableSeede...')
#3 D:\xampp\htdocs\lumen\lumen1\vendor\laravel\lumen-framework\src\Application.php(210): Illuminate\Container\Container->make('UsersTableSeede...')
#4 D:\xampp\htdocs\lumen\lumen1\vendor\illuminate\database\Seeder.php(60): Laravel\Lumen\Application->make('UsersTableSeede...')
#5 D:\xampp\htdocs\lumen\lumen1\vendor\illuminate\database\Seeder.php(37): Illuminate\Database\Seeder->resolve('UsersTableSeede...')
#6 D:\xampp\htdocs\lumen\lumen1\database\seeds\DatabaseSeeder.php(15): Illuminate\Database\Seeder->call('UsersTableSeede...')
#7 [internal function]: DatabaseSeeder->run()
#8 D:\xampp\htdocs\lumen\lumen1\vendor\illuminate\container\BoundMethod.php(29): call_user_func_array(Array, Array)
#9 D:\xampp\htdocs\lumen\lumen1\vendor\illuminate\container\BoundMethod.php(87): Illuminate\Container\BoundMethod::Illuminate\Container\{closure}()
#10 D:\xampp\htdocs\lumen\lumen1\vendor\illuminate\container\BoundMethod.php(31): Illuminate\Container\BoundMethod::callBoundMethod(Object(Laravel\Lumen\Application), Array, Object(Closure))
#11 D:\xampp\htdocs\lumen\lumen1\vendor\illuminate\container\Container.php(539): Illuminate\Container\BoundMethod::call(Object(Laravel\Lumen\Application), Array, Array, NULL)
#12 D:\xampp\htdocs\lumen\lumen1\vendor\illuminate\database\Seeder.php(114): Illuminate\Container\Container->call(Array)
#13 D:\xampp\htdocs\lumen\lumen1\vendor\illuminate\database\Console\Seeds\SeedCommand.php(63): Illuminate\Database\Seeder->__invoke()
#14 D:\xampp\htdocs\lumen\lumen1\vendor\illuminate\database\Eloquent\Concerns\GuardsAttributes.php(122): Illuminate\Database\Console\Seeds\SeedCommand->Illuminate\Database\Console\Seeds\{closure}()
#15 D:\xampp\htdocs\lumen\lumen1\vendor\illuminate\database\Console\Seeds\SeedCommand.php(64): Illuminate\Database\Eloquent\Model::unguarded(Object(Closure))
#16 [internal function]: Illuminate\Database\Console\Seeds\SeedCommand->fire()
#17 D:\xampp\htdocs\lumen\lumen1\vendor\illuminate\container\BoundMethod.php(29): call_user_func_array(Array, Array)
#18 D:\xampp\htdocs\lumen\lumen1\vendor\illuminate\container\BoundMethod.php(87): Illuminate\Container\BoundMethod::Illuminate\Container\{closure}()
#19 D:\xampp\htdocs\lumen\lumen1\vendor\illuminate\container\BoundMethod.php(31): Illuminate\Container\BoundMethod::callBoundMethod(Object(Laravel\Lumen\Application), Array, Object(Closure))
#20 D:\xampp\htdocs\lumen\lumen1\vendor\illuminate\container\Container.php(539): Illuminate\Container\BoundMethod::call(Object(Laravel\Lumen\Application), Array, Array, NULL)
#21 D:\xampp\htdocs\lumen\lumen1\vendor\illuminate\console\Command.php(182): Illuminate\Container\Container->call(Array)
#22 D:\xampp\htdocs\lumen\lumen1\vendor\symfony\console\Command\Command.php(252): Illuminate\Console\Command->execute(Object(Symfony\Component\Console\Input\ArgvInput), Object(Illuminate\Console\OutputStyle))
#23 D:\xampp\htdocs\lumen\lumen1\vendor\illuminate\console\Command.php(167): Symfony\Component\Console\Command\Command->run(Object(Symfony\Component\Console\Input\ArgvInput), Object(Illuminate\Console\OutputStyle))
#24 D:\xampp\htdocs\lumen\lumen1\vendor\symfony\console\Application.php(946): Illuminate\Console\Command->run(Object(Symfony\Component\Console\Input\ArgvInput), Object(Symfony\Component\Console\Output\ConsoleOutput))
#25 D:\xampp\htdocs\lumen\lumen1\vendor\symfony\console\Application.php(248): Symfony\Component\Console\Application->doRunCommand(Object(Illuminate\Database\Console\Seeds\SeedCommand), Object(Symfony\Component\Console\Input\ArgvInput), Object(Symfony\Component\Console\Output\ConsoleOutput))
#26 D:\xampp\htdocs\lumen\lumen1\vendor\symfony\console\Application.php(148): Symfony\Component\Console\Application->doRun(Object(Symfony\Component\Console\Input\ArgvInput), Object(Symfony\Component\Console\Output\ConsoleOutput))
#27 D:\xampp\htdocs\lumen\lumen1\vendor\laravel\lumen-framework\src\Console\Kernel.php(84): Symfony\Component\Console\Application->run(Object(Symfony\Component\Console\Input\ArgvInput), Object(Symfony\Component\Console\Output\ConsoleOutput))
#28 D:\xampp\htdocs\lumen\lumen1\artisan(35): Laravel\Lumen\Console\Kernel->handle(Object(Symfony\Component\Console\Input\ArgvInput), Object(Symfony\Component\Console\Output\ConsoleOutput))
#29 {main}  
[2018-02-19 09:59:53] lumen.ERROR: ReflectionException: Class UsersTableSeeder does not exist in D:\xampp\htdocs\lumen\lumen1\vendor\illuminate\container\Container.php:729
Stack trace:
#0 D:\xampp\htdocs\lumen\lumen1\vendor\illuminate\container\Container.php(729): ReflectionClass->__construct('UsersTableSeede...')
#1 D:\xampp\htdocs\lumen\lumen1\vendor\illuminate\container\Container.php(608): Illuminate\Container\Container->build('UsersTableSeede...')
#2 D:\xampp\htdocs\lumen\lumen1\vendor\illuminate\container\Container.php(575): Illuminate\Container\Container->resolve('UsersTableSeede...')
#3 D:\xampp\htdocs\lumen\lumen1\vendor\laravel\lumen-framework\src\Application.php(210): Illuminate\Container\Container->make('UsersTableSeede...')
#4 D:\xampp\htdocs\lumen\lumen1\vendor\illuminate\database\Seeder.php(60): Laravel\Lumen\Application->make('UsersTableSeede...')
#5 D:\xampp\htdocs\lumen\lumen1\vendor\illuminate\database\Seeder.php(37): Illuminate\Database\Seeder->resolve('UsersTableSeede...')
#6 D:\xampp\htdocs\lumen\lumen1\database\seeds\DatabaseSeeder.php(15): Illuminate\Database\Seeder->call('UsersTableSeede...')
#7 [internal function]: DatabaseSeeder->run()
#8 D:\xampp\htdocs\lumen\lumen1\vendor\illuminate\container\BoundMethod.php(29): call_user_func_array(Array, Array)
#9 D:\xampp\htdocs\lumen\lumen1\vendor\illuminate\container\BoundMethod.php(87): Illuminate\Container\BoundMethod::Illuminate\Container\{closure}()
#10 D:\xampp\htdocs\lumen\lumen1\vendor\illuminate\container\BoundMethod.php(31): Illuminate\Container\BoundMethod::callBoundMethod(Object(Laravel\Lumen\Application), Array, Object(Closure))
#11 D:\xampp\htdocs\lumen\lumen1\vendor\illuminate\container\Container.php(539): Illuminate\Container\BoundMethod::call(Object(Laravel\Lumen\Application), Array, Array, NULL)
#12 D:\xampp\htdocs\lumen\lumen1\vendor\illuminate\database\Seeder.php(114): Illuminate\Container\Container->call(Array)
#13 D:\xampp\htdocs\lumen\lumen1\vendor\illuminate\database\Console\Seeds\SeedCommand.php(63): Illuminate\Database\Seeder->__invoke()
#14 D:\xampp\htdocs\lumen\lumen1\vendor\illuminate\database\Eloquent\Concerns\GuardsAttributes.php(122): Illuminate\Database\Console\Seeds\SeedCommand->Illuminate\Database\Console\Seeds\{closure}()
#15 D:\xampp\htdocs\lumen\lumen1\vendor\illuminate\database\Console\Seeds\SeedCommand.php(64): Illuminate\Database\Eloquent\Model::unguarded(Object(Closure))
#16 [internal function]: Illuminate\Database\Console\Seeds\SeedCommand->fire()
#17 D:\xampp\htdocs\lumen\lumen1\vendor\illuminate\container\BoundMethod.php(29): call_user_func_array(Array, Array)
#18 D:\xampp\htdocs\lumen\lumen1\vendor\illuminate\container\BoundMethod.php(87): Illuminate\Container\BoundMethod::Illuminate\Container\{closure}()
#19 D:\xampp\htdocs\lumen\lumen1\vendor\illuminate\container\BoundMethod.php(31): Illuminate\Container\BoundMethod::callBoundMethod(Object(Laravel\Lumen\Application), Array, Object(Closure))
#20 D:\xampp\htdocs\lumen\lumen1\vendor\illuminate\container\Container.php(539): Illuminate\Container\BoundMethod::call(Object(Laravel\Lumen\Application), Array, Array, NULL)
#21 D:\xampp\htdocs\lumen\lumen1\vendor\illuminate\console\Command.php(182): Illuminate\Container\Container->call(Array)
#22 D:\xampp\htdocs\lumen\lumen1\vendor\symfony\console\Command\Command.php(252): Illuminate\Console\Command->execute(Object(Symfony\Component\Console\Input\ArgvInput), Object(Illuminate\Console\OutputStyle))
#23 D:\xampp\htdocs\lumen\lumen1\vendor\illuminate\console\Command.php(167): Symfony\Component\Console\Command\Command->run(Object(Symfony\Component\Console\Input\ArgvInput), Object(Illuminate\Console\OutputStyle))
#24 D:\xampp\htdocs\lumen\lumen1\vendor\symfony\console\Application.php(946): Illuminate\Console\Command->run(Object(Symfony\Component\Console\Input\ArgvInput), Object(Symfony\Component\Console\Output\ConsoleOutput))
#25 D:\xampp\htdocs\lumen\lumen1\vendor\symfony\console\Application.php(248): Symfony\Component\Console\Application->doRunCommand(Object(Illuminate\Database\Console\Seeds\SeedCommand), Object(Symfony\Component\Console\Input\ArgvInput), Object(Symfony\Component\Console\Output\ConsoleOutput))
#26 D:\xampp\htdocs\lumen\lumen1\vendor\symfony\console\Application.php(148): Symfony\Component\Console\Application->doRun(Object(Symfony\Component\Console\Input\ArgvInput), Object(Symfony\Component\Console\Output\ConsoleOutput))
#27 D:\xampp\htdocs\lumen\lumen1\vendor\laravel\lumen-framework\src\Console\Kernel.php(84): Symfony\Component\Console\Application->run(Object(Symfony\Component\Console\Input\ArgvInput), Object(Symfony\Component\Console\Output\ConsoleOutput))
#28 D:\xampp\htdocs\lumen\lumen1\artisan(35): Laravel\Lumen\Console\Kernel->handle(Object(Symfony\Component\Console\Input\ArgvInput), Object(Symfony\Component\Console\Output\ConsoleOutput))
#29 {main}  
[2018-02-19 10:00:16] lumen.ERROR: ReflectionException: Class UsersTableSeeder does not exist in D:\xampp\htdocs\lumen\lumen1\vendor\illuminate\container\Container.php:729
Stack trace:
#0 D:\xampp\htdocs\lumen\lumen1\vendor\illuminate\container\Container.php(729): ReflectionClass->__construct('UsersTableSeede...')
#1 D:\xampp\htdocs\lumen\lumen1\vendor\illuminate\container\Container.php(608): Illuminate\Container\Container->build('UsersTableSeede...')
#2 D:\xampp\htdocs\lumen\lumen1\vendor\illuminate\container\Container.php(575): Illuminate\Container\Container->resolve('UsersTableSeede...')
#3 D:\xampp\htdocs\lumen\lumen1\vendor\laravel\lumen-framework\src\Application.php(210): Illuminate\Container\Container->make('UsersTableSeede...')
#4 D:\xampp\htdocs\lumen\lumen1\vendor\illuminate\database\Seeder.php(60): Laravel\Lumen\Application->make('UsersTableSeede...')
#5 D:\xampp\htdocs\lumen\lumen1\vendor\illuminate\database\Seeder.php(37): Illuminate\Database\Seeder->resolve('UsersTableSeede...')
#6 D:\xampp\htdocs\lumen\lumen1\database\seeds\DatabaseSeeder.php(15): Illuminate\Database\Seeder->call('UsersTableSeede...')
#7 [internal function]: DatabaseSeeder->run()
#8 D:\xampp\htdocs\lumen\lumen1\vendor\illuminate\container\BoundMethod.php(29): call_user_func_array(Array, Array)
#9 D:\xampp\htdocs\lumen\lumen1\vendor\illuminate\container\BoundMethod.php(87): Illuminate\Container\BoundMethod::Illuminate\Container\{closure}()
#10 D:\xampp\htdocs\lumen\lumen1\vendor\illuminate\container\BoundMethod.php(31): Illuminate\Container\BoundMethod::callBoundMethod(Object(Laravel\Lumen\Application), Array, Object(Closure))
#11 D:\xampp\htdocs\lumen\lumen1\vendor\illuminate\container\Container.php(539): Illuminate\Container\BoundMethod::call(Object(Laravel\Lumen\Application), Array, Array, NULL)
#12 D:\xampp\htdocs\lumen\lumen1\vendor\illuminate\database\Seeder.php(114): Illuminate\Container\Container->call(Array)
#13 D:\xampp\htdocs\lumen\lumen1\vendor\illuminate\database\Console\Seeds\SeedCommand.php(63): Illuminate\Database\Seeder->__invoke()
#14 D:\xampp\htdocs\lumen\lumen1\vendor\illuminate\database\Eloquent\Concerns\GuardsAttributes.php(122): Illuminate\Database\Console\Seeds\SeedCommand->Illuminate\Database\Console\Seeds\{closure}()
#15 D:\xampp\htdocs\lumen\lumen1\vendor\illuminate\database\Console\Seeds\SeedCommand.php(64): Illuminate\Database\Eloquent\Model::unguarded(Object(Closure))
#16 [internal function]: Illuminate\Database\Console\Seeds\SeedCommand->fire()
#17 D:\xampp\htdocs\lumen\lumen1\vendor\illuminate\container\BoundMethod.php(29): call_user_func_array(Array, Array)
#18 D:\xampp\htdocs\lumen\lumen1\vendor\illuminate\container\BoundMethod.php(87): Illuminate\Container\BoundMethod::Illuminate\Container\{closure}()
#19 D:\xampp\htdocs\lumen\lumen1\vendor\illuminate\container\BoundMethod.php(31): Illuminate\Container\BoundMethod::callBoundMethod(Object(Laravel\Lumen\Application), Array, Object(Closure))
#20 D:\xampp\htdocs\lumen\lumen1\vendor\illuminate\container\Container.php(539): Illuminate\Container\BoundMethod::call(Object(Laravel\Lumen\Application), Array, Array, NULL)
#21 D:\xampp\htdocs\lumen\lumen1\vendor\illuminate\console\Command.php(182): Illuminate\Container\Container->call(Array)
#22 D:\xampp\htdocs\lumen\lumen1\vendor\symfony\console\Command\Command.php(252): Illuminate\Console\Command->execute(Object(Symfony\Component\Console\Input\ArgvInput), Object(Illuminate\Console\OutputStyle))
#23 D:\xampp\htdocs\lumen\lumen1\vendor\illuminate\console\Command.php(167): Symfony\Component\Console\Command\Command->run(Object(Symfony\Component\Console\Input\ArgvInput), Object(Illuminate\Console\OutputStyle))
#24 D:\xampp\htdocs\lumen\lumen1\vendor\symfony\console\Application.php(946): Illuminate\Console\Command->run(Object(Symfony\Component\Console\Input\ArgvInput), Object(Symfony\Component\Console\Output\ConsoleOutput))
#25 D:\xampp\htdocs\lumen\lumen1\vendor\symfony\console\Application.php(248): Symfony\Component\Console\Application->doRunCommand(Object(Illuminate\Database\Console\Seeds\SeedCommand), Object(Symfony\Component\Console\Input\ArgvInput), Object(Symfony\Component\Console\Output\ConsoleOutput))
#26 D:\xampp\htdocs\lumen\lumen1\vendor\symfony\console\Application.php(148): Symfony\Component\Console\Application->doRun(Object(Symfony\Component\Console\Input\ArgvInput), Object(Symfony\Component\Console\Output\ConsoleOutput))
#27 D:\xampp\htdocs\lumen\lumen1\vendor\laravel\lumen-framework\src\Console\Kernel.php(84): Symfony\Component\Console\Application->run(Object(Symfony\Component\Console\Input\ArgvInput), Object(Symfony\Component\Console\Output\ConsoleOutput))
#28 D:\xampp\htdocs\lumen\lumen1\artisan(35): Laravel\Lumen\Console\Kernel->handle(Object(Symfony\Component\Console\Input\ArgvInput), Object(Symfony\Component\Console\Output\ConsoleOutput))
#29 {main}  
[2018-02-19 10:00:45] lumen.ERROR: ReflectionException: Class UsersTableSeeder does not exist in D:\xampp\htdocs\lumen\lumen1\vendor\illuminate\container\Container.php:729
Stack trace:
#0 D:\xampp\htdocs\lumen\lumen1\vendor\illuminate\container\Container.php(729): ReflectionClass->__construct('UsersTableSeede...')
#1 D:\xampp\htdocs\lumen\lumen1\vendor\illuminate\container\Container.php(608): Illuminate\Container\Container->build('UsersTableSeede...')
#2 D:\xampp\htdocs\lumen\lumen1\vendor\illuminate\container\Container.php(575): Illuminate\Container\Container->resolve('UsersTableSeede...')
#3 D:\xampp\htdocs\lumen\lumen1\vendor\laravel\lumen-framework\src\Application.php(210): Illuminate\Container\Container->make('UsersTableSeede...')
#4 D:\xampp\htdocs\lumen\lumen1\vendor\illuminate\database\Seeder.php(60): Laravel\Lumen\Application->make('UsersTableSeede...')
#5 D:\xampp\htdocs\lumen\lumen1\vendor\illuminate\database\Seeder.php(37): Illuminate\Database\Seeder->resolve('UsersTableSeede...')
#6 D:\xampp\htdocs\lumen\lumen1\database\seeds\DatabaseSeeder.php(14): Illuminate\Database\Seeder->call('UsersTableSeede...')
#7 [internal function]: DatabaseSeeder->run()
#8 D:\xampp\htdocs\lumen\lumen1\vendor\illuminate\container\BoundMethod.php(29): call_user_func_array(Array, Array)
#9 D:\xampp\htdocs\lumen\lumen1\vendor\illuminate\container\BoundMethod.php(87): Illuminate\Container\BoundMethod::Illuminate\Container\{closure}()
#10 D:\xampp\htdocs\lumen\lumen1\vendor\illuminate\container\BoundMethod.php(31): Illuminate\Container\BoundMethod::callBoundMethod(Object(Laravel\Lumen\Application), Array, Object(Closure))
#11 D:\xampp\htdocs\lumen\lumen1\vendor\illuminate\container\Container.php(539): Illuminate\Container\BoundMethod::call(Object(Laravel\Lumen\Application), Array, Array, NULL)
#12 D:\xampp\htdocs\lumen\lumen1\vendor\illuminate\database\Seeder.php(114): Illuminate\Container\Container->call(Array)
#13 D:\xampp\htdocs\lumen\lumen1\vendor\illuminate\database\Console\Seeds\SeedCommand.php(63): Illuminate\Database\Seeder->__invoke()
#14 D:\xampp\htdocs\lumen\lumen1\vendor\illuminate\database\Eloquent\Concerns\GuardsAttributes.php(122): Illuminate\Database\Console\Seeds\SeedCommand->Illuminate\Database\Console\Seeds\{closure}()
#15 D:\xampp\htdocs\lumen\lumen1\vendor\illuminate\database\Console\Seeds\SeedCommand.php(64): Illuminate\Database\Eloquent\Model::unguarded(Object(Closure))
#16 [internal function]: Illuminate\Database\Console\Seeds\SeedCommand->fire()
#17 D:\xampp\htdocs\lumen\lumen1\vendor\illuminate\container\BoundMethod.php(29): call_user_func_array(Array, Array)
#18 D:\xampp\htdocs\lumen\lumen1\vendor\illuminate\container\BoundMethod.php(87): Illuminate\Container\BoundMethod::Illuminate\Container\{closure}()
#19 D:\xampp\htdocs\lumen\lumen1\vendor\illuminate\container\BoundMethod.php(31): Illuminate\Container\BoundMethod::callBoundMethod(Object(Laravel\Lumen\Application), Array, Object(Closure))
#20 D:\xampp\htdocs\lumen\lumen1\vendor\illuminate\container\Container.php(539): Illuminate\Container\BoundMethod::call(Object(Laravel\Lumen\Application), Array, Array, NULL)
#21 D:\xampp\htdocs\lumen\lumen1\vendor\illuminate\console\Command.php(182): Illuminate\Container\Container->call(Array)
#22 D:\xampp\htdocs\lumen\lumen1\vendor\symfony\console\Command\Command.php(252): Illuminate\Console\Command->execute(Object(Symfony\Component\Console\Input\ArgvInput), Object(Illuminate\Console\OutputStyle))
#23 D:\xampp\htdocs\lumen\lumen1\vendor\illuminate\console\Command.php(167): Symfony\Component\Console\Command\Command->run(Object(Symfony\Component\Console\Input\ArgvInput), Object(Illuminate\Console\OutputStyle))
#24 D:\xampp\htdocs\lumen\lumen1\vendor\symfony\console\Application.php(946): Illuminate\Console\Command->run(Object(Symfony\Component\Console\Input\ArgvInput), Object(Symfony\Component\Console\Output\ConsoleOutput))
#25 D:\xampp\htdocs\lumen\lumen1\vendor\symfony\console\Application.php(248): Symfony\Component\Console\Application->doRunCommand(Object(Illuminate\Database\Console\Seeds\SeedCommand), Object(Symfony\Component\Console\Input\ArgvInput), Object(Symfony\Component\Console\Output\ConsoleOutput))
#26 D:\xampp\htdocs\lumen\lumen1\vendor\symfony\console\Application.php(148): Symfony\Component\Console\Application->doRun(Object(Symfony\Component\Console\Input\ArgvInput), Object(Symfony\Component\Console\Output\ConsoleOutput))
#27 D:\xampp\htdocs\lumen\lumen1\vendor\laravel\lumen-framework\src\Console\Kernel.php(84): Symfony\Component\Console\Application->run(Object(Symfony\Component\Console\Input\ArgvInput), Object(Symfony\Component\Console\Output\ConsoleOutput))
#28 D:\xampp\htdocs\lumen\lumen1\artisan(35): Laravel\Lumen\Console\Kernel->handle(Object(Symfony\Component\Console\Input\ArgvInput), Object(Symfony\Component\Console\Output\ConsoleOutput))
#29 {main}  
[2018-02-19 10:01:37] lumen.ERROR: ReflectionException: Class UsersTableSeeder does not exist in D:\xampp\htdocs\lumen\lumen1\vendor\illuminate\container\Container.php:729
Stack trace:
#0 D:\xampp\htdocs\lumen\lumen1\vendor\illuminate\container\Container.php(729): ReflectionClass->__construct('UsersTableSeede...')
#1 D:\xampp\htdocs\lumen\lumen1\vendor\illuminate\container\Container.php(608): Illuminate\Container\Container->build('UsersTableSeede...')
#2 D:\xampp\htdocs\lumen\lumen1\vendor\illuminate\container\Container.php(575): Illuminate\Container\Container->resolve('UsersTableSeede...')
#3 D:\xampp\htdocs\lumen\lumen1\vendor\laravel\lumen-framework\src\Application.php(210): Illuminate\Container\Container->make('UsersTableSeede...')
#4 D:\xampp\htdocs\lumen\lumen1\vendor\illuminate\database\Seeder.php(60): Laravel\Lumen\Application->make('UsersTableSeede...')
#5 D:\xampp\htdocs\lumen\lumen1\vendor\illuminate\database\Seeder.php(37): Illuminate\Database\Seeder->resolve('UsersTableSeede...')
#6 D:\xampp\htdocs\lumen\lumen1\database\seeds\DatabaseSeeder.php(14): Illuminate\Database\Seeder->call('UsersTableSeede...')
#7 [internal function]: DatabaseSeeder->run()
#8 D:\xampp\htdocs\lumen\lumen1\vendor\illuminate\container\BoundMethod.php(29): call_user_func_array(Array, Array)
#9 D:\xampp\htdocs\lumen\lumen1\vendor\illuminate\container\BoundMethod.php(87): Illuminate\Container\BoundMethod::Illuminate\Container\{closure}()
#10 D:\xampp\htdocs\lumen\lumen1\vendor\illuminate\container\BoundMethod.php(31): Illuminate\Container\BoundMethod::callBoundMethod(Object(Laravel\Lumen\Application), Array, Object(Closure))
#11 D:\xampp\htdocs\lumen\lumen1\vendor\illuminate\container\Container.php(539): Illuminate\Container\BoundMethod::call(Object(Laravel\Lumen\Application), Array, Array, NULL)
#12 D:\xampp\htdocs\lumen\lumen1\vendor\illuminate\database\Seeder.php(114): Illuminate\Container\Container->call(Array)
#13 D:\xampp\htdocs\lumen\lumen1\vendor\illuminate\database\Console\Seeds\SeedCommand.php(63): Illuminate\Database\Seeder->__invoke()
#14 D:\xampp\htdocs\lumen\lumen1\vendor\illuminate\database\Eloquent\Concerns\GuardsAttributes.php(122): Illuminate\Database\Console\Seeds\SeedCommand->Illuminate\Database\Console\Seeds\{closure}()
#15 D:\xampp\htdocs\lumen\lumen1\vendor\illuminate\database\Console\Seeds\SeedCommand.php(64): Illuminate\Database\Eloquent\Model::unguarded(Object(Closure))
#16 [internal function]: Illuminate\Database\Console\Seeds\SeedCommand->fire()
#17 D:\xampp\htdocs\lumen\lumen1\vendor\illuminate\container\BoundMethod.php(29): call_user_func_array(Array, Array)
#18 D:\xampp\htdocs\lumen\lumen1\vendor\illuminate\container\BoundMethod.php(87): Illuminate\Container\BoundMethod::Illuminate\Container\{closure}()
#19 D:\xampp\htdocs\lumen\lumen1\vendor\illuminate\container\BoundMethod.php(31): Illuminate\Container\BoundMethod::callBoundMethod(Object(Laravel\Lumen\Application), Array, Object(Closure))
#20 D:\xampp\htdocs\lumen\lumen1\vendor\illuminate\container\Container.php(539): Illuminate\Container\BoundMethod::call(Object(Laravel\Lumen\Application), Array, Array, NULL)
#21 D:\xampp\htdocs\lumen\lumen1\vendor\illuminate\console\Command.php(182): Illuminate\Container\Container->call(Array)
#22 D:\xampp\htdocs\lumen\lumen1\vendor\symfony\console\Command\Command.php(252): Illuminate\Console\Command->execute(Object(Symfony\Component\Console\Input\ArgvInput), Object(Illuminate\Console\OutputStyle))
#23 D:\xampp\htdocs\lumen\lumen1\vendor\illuminate\console\Command.php(167): Symfony\Component\Console\Command\Command->run(Object(Symfony\Component\Console\Input\ArgvInput), Object(Illuminate\Console\OutputStyle))
#24 D:\xampp\htdocs\lumen\lumen1\vendor\symfony\console\Application.php(946): Illuminate\Console\Command->run(Object(Symfony\Component\Console\Input\ArgvInput), Object(Symfony\Component\Console\Output\ConsoleOutput))
#25 D:\xampp\htdocs\lumen\lumen1\vendor\symfony\console\Application.php(248): Symfony\Component\Console\Application->doRunCommand(Object(Illuminate\Database\Console\Seeds\SeedCommand), Object(Symfony\Component\Console\Input\ArgvInput), Object(Symfony\Component\Console\Output\ConsoleOutput))
#26 D:\xampp\htdocs\lumen\lumen1\vendor\symfony\console\Application.php(148): Symfony\Component\Console\Application->doRun(Object(Symfony\Component\Console\Input\ArgvInput), Object(Symfony\Component\Console\Output\ConsoleOutput))
#27 D:\xampp\htdocs\lumen\lumen1\vendor\laravel\lumen-framework\src\Console\Kernel.php(84): Symfony\Component\Console\Application->run(Object(Symfony\Component\Console\Input\ArgvInput), Object(Symfony\Component\Console\Output\ConsoleOutput))
#28 D:\xampp\htdocs\lumen\lumen1\artisan(35): Laravel\Lumen\Console\Kernel->handle(Object(Symfony\Component\Console\Input\ArgvInput), Object(Symfony\Component\Console\Output\ConsoleOutput))
#29 {main}  
[2018-02-19 10:15:42] lumen.ERROR: Symfony\Component\Debug\Exception\FatalErrorException: Trait 'App\HasApiTokens' not found in D:\xampp\htdocs\lumen\lumen1\app\User.php:13
Stack trace:
#0 D:\xampp\htdocs\lumen\lumen1\vendor\laravel\lumen-framework\src\Concerns\RegistersExceptionHandlers.php(54): Laravel\Lumen\Application->handleShutdown()
#1 [internal function]: Laravel\Lumen\Application->Laravel\Lumen\Concerns\{closure}()
#2 {main}  
[2018-02-19 10:16:43] lumen.ERROR: PDOException: SQLSTATE[42S22]: Column not found: 1054 Unknown column 'sratus' in 'field list' in D:\xampp\htdocs\lumen\lumen1\vendor\illuminate\database\Connection.php:445
Stack trace:
#0 D:\xampp\htdocs\lumen\lumen1\vendor\illuminate\database\Connection.php(445): PDO->prepare('insert into `us...')
#1 D:\xampp\htdocs\lumen\lumen1\vendor\illuminate\database\Connection.php(640): Illuminate\Database\Connection->Illuminate\Database\{closure}('insert into `us...', Array)
#2 D:\xampp\htdocs\lumen\lumen1\vendor\illuminate\database\Connection.php(607): Illuminate\Database\Connection->runQueryCallback('insert into `us...', Array, Object(Closure))
#3 D:\xampp\htdocs\lumen\lumen1\vendor\illuminate\database\Connection.php(450): Illuminate\Database\Connection->run('insert into `us...', Array, Object(Closure))
#4 D:\xampp\htdocs\lumen\lumen1\vendor\illuminate\database\Connection.php(404): Illuminate\Database\Connection->statement('insert into `us...', Array)
#5 D:\xampp\htdocs\lumen\lumen1\vendor\illuminate\database\Query\Processors\Processor.php(32): Illuminate\Database\Connection->insert('insert into `us...', Array)
#6 D:\xampp\htdocs\lumen\lumen1\vendor\illuminate\database\Query\Builder.php(2133): Illuminate\Database\Query\Processors\Processor->processInsertGetId(Object(Illuminate\Database\Query\Builder), 'insert into `us...', Array, 'id')
#7 D:\xampp\htdocs\lumen\lumen1\vendor\illuminate\database\Eloquent\Builder.php(1251): Illuminate\Database\Query\Builder->insertGetId(Array, 'id')
#8 D:\xampp\htdocs\lumen\lumen1\vendor\illuminate\database\Eloquent\Model.php(688): Illuminate\Database\Eloquent\Builder->__call('insertGetId', Array)
#9 D:\xampp\htdocs\lumen\lumen1\vendor\illuminate\database\Eloquent\Model.php(653): Illuminate\Database\Eloquent\Model->insertAndSetId(Object(Illuminate\Database\Eloquent\Builder), Array)
#10 D:\xampp\htdocs\lumen\lumen1\vendor\illuminate\database\Eloquent\Model.php(522): Illuminate\Database\Eloquent\Model->performInsert(Object(Illuminate\Database\Eloquent\Builder))
#11 D:\xampp\htdocs\lumen\lumen1\vendor\illuminate\database\Eloquent\FactoryBuilder.php(150): Illuminate\Database\Eloquent\Model->save()
#12 D:\xampp\htdocs\lumen\lumen1\vendor\illuminate\support\Collection.php(287): Illuminate\Database\Eloquent\FactoryBuilder->Illuminate\Database\Eloquent\{closure}(Object(App\User), 0)
#13 D:\xampp\htdocs\lumen\lumen1\vendor\illuminate\database\Eloquent\FactoryBuilder.php(151): Illuminate\Support\Collection->each(Object(Closure))
#14 D:\xampp\htdocs\lumen\lumen1\vendor\illuminate\database\Eloquent\FactoryBuilder.php(133): Illuminate\Database\Eloquent\FactoryBuilder->store(Object(Illuminate\Database\Eloquent\Collection))
#15 D:\xampp\htdocs\lumen\lumen1\database\seeds\UserTableSeeder.php(14): Illuminate\Database\Eloquent\FactoryBuilder->create()
#16 [internal function]: UserTableSeeder->run()
#17 D:\xampp\htdocs\lumen\lumen1\vendor\illuminate\container\BoundMethod.php(29): call_user_func_array(Array, Array)
#18 D:\xampp\htdocs\lumen\lumen1\vendor\illuminate\container\BoundMethod.php(87): Illuminate\Container\BoundMethod::Illuminate\Container\{closure}()
#19 D:\xampp\htdocs\lumen\lumen1\vendor\illuminate\container\BoundMethod.php(31): Illuminate\Container\BoundMethod::callBoundMethod(Object(Laravel\Lumen\Application), Array, Object(Closure))
#20 D:\xampp\htdocs\lumen\lumen1\vendor\illuminate\container\Container.php(539): Illuminate\Container\BoundMethod::call(Object(Laravel\Lumen\Application), Array, Array, NULL)
#21 D:\xampp\htdocs\lumen\lumen1\vendor\illuminate\database\Seeder.php(114): Illuminate\Container\Container->call(Array)
#22 D:\xampp\htdocs\lumen\lumen1\vendor\illuminate\database\Seeder.php(37): Illuminate\Database\Seeder->__invoke()
#23 D:\xampp\htdocs\lumen\lumen1\database\seeds\DatabaseSeeder.php(14): Illuminate\Database\Seeder->call('UserTableSeeder')
#24 [internal function]: DatabaseSeeder->run()
#25 D:\xampp\htdocs\lumen\lumen1\vendor\illuminate\container\BoundMethod.php(29): call_user_func_array(Array, Array)
#26 D:\xampp\htdocs\lumen\lumen1\vendor\illuminate\container\BoundMethod.php(87): Illuminate\Container\BoundMethod::Illuminate\Container\{closure}()
#27 D:\xampp\htdocs\lumen\lumen1\vendor\illuminate\container\BoundMethod.php(31): Illuminate\Container\BoundMethod::callBoundMethod(Object(Laravel\Lumen\Application), Array, Object(Closure))
#28 D:\xampp\htdocs\lumen\lumen1\vendor\illuminate\container\Container.php(539): Illuminate\Container\BoundMethod::call(Object(Laravel\Lumen\Application), Array, Array, NULL)
#29 D:\xampp\htdocs\lumen\lumen1\vendor\illuminate\database\Seeder.php(114): Illuminate\Container\Container->call(Array)
#30 D:\xampp\htdocs\lumen\lumen1\vendor\illuminate\database\Console\Seeds\SeedCommand.php(63): Illuminate\Database\Seeder->__invoke()
#31 D:\xampp\htdocs\lumen\lumen1\vendor\illuminate\database\Eloquent\Concerns\GuardsAttributes.php(122): Illuminate\Database\Console\Seeds\SeedCommand->Illuminate\Database\Console\Seeds\{closure}()
#32 D:\xampp\htdocs\lumen\lumen1\vendor\illuminate\database\Console\Seeds\SeedCommand.php(64): Illuminate\Database\Eloquent\Model::unguarded(Object(Closure))
#33 [internal function]: Illuminate\Database\Console\Seeds\SeedCommand->fire()
#34 D:\xampp\htdocs\lumen\lumen1\vendor\illuminate\container\BoundMethod.php(29): call_user_func_array(Array, Array)
#35 D:\xampp\htdocs\lumen\lumen1\vendor\illuminate\container\BoundMethod.php(87): Illuminate\Container\BoundMethod::Illuminate\Container\{closure}()
#36 D:\xampp\htdocs\lumen\lumen1\vendor\illuminate\container\BoundMethod.php(31): Illuminate\Container\BoundMethod::callBoundMethod(Object(Laravel\Lumen\Application), Array, Object(Closure))
#37 D:\xampp\htdocs\lumen\lumen1\vendor\illuminate\container\Container.php(539): Illuminate\Container\BoundMethod::call(Object(Laravel\Lumen\Application), Array, Array, NULL)
#38 D:\xampp\htdocs\lumen\lumen1\vendor\illuminate\console\Command.php(182): Illuminate\Container\Container->call(Array)
#39 D:\xampp\htdocs\lumen\lumen1\vendor\symfony\console\Command\Command.php(252): Illuminate\Console\Command->execute(Object(Symfony\Component\Console\Input\ArgvInput), Object(Illuminate\Console\OutputStyle))
#40 D:\xampp\htdocs\lumen\lumen1\vendor\illuminate\console\Command.php(167): Symfony\Component\Console\Command\Command->run(Object(Symfony\Component\Console\Input\ArgvInput), Object(Illuminate\Console\OutputStyle))
#41 D:\xampp\htdocs\lumen\lumen1\vendor\symfony\console\Application.php(946): Illuminate\Console\Command->run(Object(Symfony\Component\Console\Input\ArgvInput), Object(Symfony\Component\Console\Output\ConsoleOutput))
#42 D:\xampp\htdocs\lumen\lumen1\vendor\symfony\console\Application.php(248): Symfony\Component\Console\Application->doRunCommand(Object(Illuminate\Database\Console\Seeds\SeedCommand), Object(Symfony\Component\Console\Input\ArgvInput), Object(Symfony\Component\Console\Output\ConsoleOutput))
#43 D:\xampp\htdocs\lumen\lumen1\vendor\symfony\console\Application.php(148): Symfony\Component\Console\Application->doRun(Object(Symfony\Component\Console\Input\ArgvInput), Object(Symfony\Component\Console\Output\ConsoleOutput))
#44 D:\xampp\htdocs\lumen\lumen1\vendor\laravel\lumen-framework\src\Console\Kernel.php(84): Symfony\Component\Console\Application->run(Object(Symfony\Component\Console\Input\ArgvInput), Object(Symfony\Component\Console\Output\ConsoleOutput))
#45 D:\xampp\htdocs\lumen\lumen1\artisan(35): Laravel\Lumen\Console\Kernel->handle(Object(Symfony\Component\Console\Input\ArgvInput), Object(Symfony\Component\Console\Output\ConsoleOutput))
#46 {main}

Next Illuminate\Database\QueryException: SQLSTATE[42S22]: Column not found: 1054 Unknown column 'sratus' in 'field list' (SQL: insert into `users` (`first_name`, `last_name`, `email`, `password`, `city`, `sratus`, `updated_at`, `created_at`) values (Junior, Pollich, rau.elinore@yahoo.com, $2y$10$dj9FBGVQL3m4CfxNsCnATuLLSuN.N4ylAFM95ZPfygK46.0iHUAmy, North Josefinashire, 0, 2018-02-19 10:16:43, 2018-02-19 10:16:43)) in D:\xampp\htdocs\lumen\lumen1\vendor\illuminate\database\Connection.php:647
Stack trace:
#0 D:\xampp\htdocs\lumen\lumen1\vendor\illuminate\database\Connection.php(607): Illuminate\Database\Connection->runQueryCallback('insert into `us...', Array, Object(Closure))
#1 D:\xampp\htdocs\lumen\lumen1\vendor\illuminate\database\Connection.php(450): Illuminate\Database\Connection->run('insert into `us...', Array, Object(Closure))
#2 D:\xampp\htdocs\lumen\lumen1\vendor\illuminate\database\Connection.php(404): Illuminate\Database\Connection->statement('insert into `us...', Array)
#3 D:\xampp\htdocs\lumen\lumen1\vendor\illuminate\database\Query\Processors\Processor.php(32): Illuminate\Database\Connection->insert('insert into `us...', Array)
#4 D:\xampp\htdocs\lumen\lumen1\vendor\illuminate\database\Query\Builder.php(2133): Illuminate\Database\Query\Processors\Processor->processInsertGetId(Object(Illuminate\Database\Query\Builder), 'insert into `us...', Array, 'id')
#5 D:\xampp\htdocs\lumen\lumen1\vendor\illuminate\database\Eloquent\Builder.php(1251): Illuminate\Database\Query\Builder->insertGetId(Array, 'id')
#6 D:\xampp\htdocs\lumen\lumen1\vendor\illuminate\database\Eloquent\Model.php(688): Illuminate\Database\Eloquent\Builder->__call('insertGetId', Array)
#7 D:\xampp\htdocs\lumen\lumen1\vendor\illuminate\database\Eloquent\Model.php(653): Illuminate\Database\Eloquent\Model->insertAndSetId(Object(Illuminate\Database\Eloquent\Builder), Array)
#8 D:\xampp\htdocs\lumen\lumen1\vendor\illuminate\database\Eloquent\Model.php(522): Illuminate\Database\Eloquent\Model->performInsert(Object(Illuminate\Database\Eloquent\Builder))
#9 D:\xampp\htdocs\lumen\lumen1\vendor\illuminate\database\Eloquent\FactoryBuilder.php(150): Illuminate\Database\Eloquent\Model->save()
#10 D:\xampp\htdocs\lumen\lumen1\vendor\illuminate\support\Collection.php(287): Illuminate\Database\Eloquent\FactoryBuilder->Illuminate\Database\Eloquent\{closure}(Object(App\User), 0)
#11 D:\xampp\htdocs\lumen\lumen1\vendor\illuminate\database\Eloquent\FactoryBuilder.php(151): Illuminate\Support\Collection->each(Object(Closure))
#12 D:\xampp\htdocs\lumen\lumen1\vendor\illuminate\database\Eloquent\FactoryBuilder.php(133): Illuminate\Database\Eloquent\FactoryBuilder->store(Object(Illuminate\Database\Eloquent\Collection))
#13 D:\xampp\htdocs\lumen\lumen1\database\seeds\UserTableSeeder.php(14): Illuminate\Database\Eloquent\FactoryBuilder->create()
#14 [internal function]: UserTableSeeder->run()
#15 D:\xampp\htdocs\lumen\lumen1\vendor\illuminate\container\BoundMethod.php(29): call_user_func_array(Array, Array)
#16 D:\xampp\htdocs\lumen\lumen1\vendor\illuminate\container\BoundMethod.php(87): Illuminate\Container\BoundMethod::Illuminate\Container\{closure}()
#17 D:\xampp\htdocs\lumen\lumen1\vendor\illuminate\container\BoundMethod.php(31): Illuminate\Container\BoundMethod::callBoundMethod(Object(Laravel\Lumen\Application), Array, Object(Closure))
#18 D:\xampp\htdocs\lumen\lumen1\vendor\illuminate\container\Container.php(539): Illuminate\Container\BoundMethod::call(Object(Laravel\Lumen\Application), Array, Array, NULL)
#19 D:\xampp\htdocs\lumen\lumen1\vendor\illuminate\database\Seeder.php(114): Illuminate\Container\Container->call(Array)
#20 D:\xampp\htdocs\lumen\lumen1\vendor\illuminate\database\Seeder.php(37): Illuminate\Database\Seeder->__invoke()
#21 D:\xampp\htdocs\lumen\lumen1\database\seeds\DatabaseSeeder.php(14): Illuminate\Database\Seeder->call('UserTableSeeder')
#22 [internal function]: DatabaseSeeder->run()
#23 D:\xampp\htdocs\lumen\lumen1\vendor\illuminate\container\BoundMethod.php(29): call_user_func_array(Array, Array)
#24 D:\xampp\htdocs\lumen\lumen1\vendor\illuminate\container\BoundMethod.php(87): Illuminate\Container\BoundMethod::Illuminate\Container\{closure}()
#25 D:\xampp\htdocs\lumen\lumen1\vendor\illuminate\container\BoundMethod.php(31): Illuminate\Container\BoundMethod::callBoundMethod(Object(Laravel\Lumen\Application), Array, Object(Closure))
#26 D:\xampp\htdocs\lumen\lumen1\vendor\illuminate\container\Container.php(539): Illuminate\Container\BoundMethod::call(Object(Laravel\Lumen\Application), Array, Array, NULL)
#27 D:\xampp\htdocs\lumen\lumen1\vendor\illuminate\database\Seeder.php(114): Illuminate\Container\Container->call(Array)
#28 D:\xampp\htdocs\lumen\lumen1\vendor\illuminate\database\Console\Seeds\SeedCommand.php(63): Illuminate\Database\Seeder->__invoke()
#29 D:\xampp\htdocs\lumen\lumen1\vendor\illuminate\database\Eloquent\Concerns\GuardsAttributes.php(122): Illuminate\Database\Console\Seeds\SeedCommand->Illuminate\Database\Console\Seeds\{closure}()
#30 D:\xampp\htdocs\lumen\lumen1\vendor\illuminate\database\Console\Seeds\SeedCommand.php(64): Illuminate\Database\Eloquent\Model::unguarded(Object(Closure))
#31 [internal function]: Illuminate\Database\Console\Seeds\SeedCommand->fire()
#32 D:\xampp\htdocs\lumen\lumen1\vendor\illuminate\container\BoundMethod.php(29): call_user_func_array(Array, Array)
#33 D:\xampp\htdocs\lumen\lumen1\vendor\illuminate\container\BoundMethod.php(87): Illuminate\Container\BoundMethod::Illuminate\Container\{closure}()
#34 D:\xampp\htdocs\lumen\lumen1\vendor\illuminate\container\BoundMethod.php(31): Illuminate\Container\BoundMethod::callBoundMethod(Object(Laravel\Lumen\Application), Array, Object(Closure))
#35 D:\xampp\htdocs\lumen\lumen1\vendor\illuminate\container\Container.php(539): Illuminate\Container\BoundMethod::call(Object(Laravel\Lumen\Application), Array, Array, NULL)
#36 D:\xampp\htdocs\lumen\lumen1\vendor\illuminate\console\Command.php(182): Illuminate\Container\Container->call(Array)
#37 D:\xampp\htdocs\lumen\lumen1\vendor\symfony\console\Command\Command.php(252): Illuminate\Console\Command->execute(Object(Symfony\Component\Console\Input\ArgvInput), Object(Illuminate\Console\OutputStyle))
#38 D:\xampp\htdocs\lumen\lumen1\vendor\illuminate\console\Command.php(167): Symfony\Component\Console\Command\Command->run(Object(Symfony\Component\Console\Input\ArgvInput), Object(Illuminate\Console\OutputStyle))
#39 D:\xampp\htdocs\lumen\lumen1\vendor\symfony\console\Application.php(946): Illuminate\Console\Command->run(Object(Symfony\Component\Console\Input\ArgvInput), Object(Symfony\Component\Console\Output\ConsoleOutput))
#40 D:\xampp\htdocs\lumen\lumen1\vendor\symfony\console\Application.php(248): Symfony\Component\Console\Application->doRunCommand(Object(Illuminate\Database\Console\Seeds\SeedCommand), Object(Symfony\Component\Console\Input\ArgvInput), Object(Symfony\Component\Console\Output\ConsoleOutput))
#41 D:\xampp\htdocs\lumen\lumen1\vendor\symfony\console\Application.php(148): Symfony\Component\Console\Application->doRun(Object(Symfony\Component\Console\Input\ArgvInput), Object(Symfony\Component\Console\Output\ConsoleOutput))
#42 D:\xampp\htdocs\lumen\lumen1\vendor\laravel\lumen-framework\src\Console\Kernel.php(84): Symfony\Component\Console\Application->run(Object(Symfony\Component\Console\Input\ArgvInput), Object(Symfony\Component\Console\Output\ConsoleOutput))
#43 D:\xampp\htdocs\lumen\lumen1\artisan(35): Laravel\Lumen\Console\Kernel->handle(Object(Symfony\Component\Console\Input\ArgvInput), Object(Symfony\Component\Console\Output\ConsoleOutput))
#44 {main}  
[2018-02-19 10:27:14] lumen.ERROR: League\OAuth2\Server\Exception\OAuthServerException: The authorization grant type is not supported by the authorization server. in D:\xampp\htdocs\lumen\lumen1\vendor\league\oauth2-server\src\Exception\OAuthServerException.php:65
Stack trace:
#0 D:\xampp\htdocs\lumen\lumen1\vendor\league\oauth2-server\src\AuthorizationServer.php(196): League\OAuth2\Server\Exception\OAuthServerException::unsupportedGrantType()
#1 D:\xampp\htdocs\lumen\lumen1\vendor\dusterio\lumen-passport\src\Http\Controllers\AccessTokenController.php(34): League\OAuth2\Server\AuthorizationServer->respondToAccessTokenRequest(Object(Zend\Diactoros\ServerRequest), Object(Zend\Diactoros\Response))
#2 D:\xampp\htdocs\lumen\lumen1\vendor\laravel\passport\src\Http\Controllers\HandlesOAuthErrors.php(27): Dusterio\LumenPassport\Http\Controllers\AccessTokenController->Dusterio\LumenPassport\Http\Controllers\{closure}()
#3 D:\xampp\htdocs\lumen\lumen1\vendor\dusterio\lumen-passport\src\Http\Controllers\AccessTokenController.php(35): Laravel\Passport\Http\Controllers\AccessTokenController->withErrorHandling(Object(Closure))
#4 [internal function]: Dusterio\LumenPassport\Http\Controllers\AccessTokenController->issueToken(Object(Zend\Diactoros\ServerRequest))
#5 D:\xampp\htdocs\lumen\lumen1\vendor\illuminate\container\BoundMethod.php(29): call_user_func_array(Array, Array)
#6 D:\xampp\htdocs\lumen\lumen1\vendor\illuminate\container\BoundMethod.php(87): Illuminate\Container\BoundMethod::Illuminate\Container\{closure}()
#7 D:\xampp\htdocs\lumen\lumen1\vendor\illuminate\container\BoundMethod.php(31): Illuminate\Container\BoundMethod::callBoundMethod(Object(Laravel\Lumen\Application), Array, Object(Closure))
#8 D:\xampp\htdocs\lumen\lumen1\vendor\illuminate\container\Container.php(539): Illuminate\Container\BoundMethod::call(Object(Laravel\Lumen\Application), Array, Array, NULL)
#9 D:\xampp\htdocs\lumen\lumen1\vendor\laravel\lumen-framework\src\Concerns\RoutesRequests.php(741): Illuminate\Container\Container->call(Array, Array)
#10 D:\xampp\htdocs\lumen\lumen1\vendor\laravel\lumen-framework\src\Concerns\RoutesRequests.php(684): Laravel\Lumen\Application->callControllerCallable(Array, Array)
#11 D:\xampp\htdocs\lumen\lumen1\vendor\laravel\lumen-framework\src\Concerns\RoutesRequests.php(643): Laravel\Lumen\Application->callControllerAction(Array)
#12 D:\xampp\htdocs\lumen\lumen1\vendor\laravel\lumen-framework\src\Concerns\RoutesRequests.php(628): Laravel\Lumen\Application->callActionOnArrayBasedRoute(Array)
#13 D:\xampp\htdocs\lumen\lumen1\vendor\laravel\lumen-framework\src\Concerns\RoutesRequests.php(528): Laravel\Lumen\Application->handleFoundRoute(Array)
#14 D:\xampp\htdocs\lumen\lumen1\vendor\laravel\lumen-framework\src\Concerns\RoutesRequests.php(781): Laravel\Lumen\Application->Laravel\Lumen\Concerns\{closure}()
#15 D:\xampp\htdocs\lumen\lumen1\vendor\laravel\lumen-framework\src\Concerns\RoutesRequests.php(534): Laravel\Lumen\Application->sendThroughPipeline(Array, Object(Closure))
#16 D:\xampp\htdocs\lumen\lumen1\vendor\laravel\lumen-framework\src\Concerns\RoutesRequests.php(475): Laravel\Lumen\Application->dispatch(NULL)
#17 D:\xampp\htdocs\lumen\lumen1\public\index.php(28): Laravel\Lumen\Application->run()
#18 {main}  
[2018-02-19 10:28:05] lumen.ERROR: League\OAuth2\Server\Exception\OAuthServerException: The authorization grant type is not supported by the authorization server. in D:\xampp\htdocs\lumen\lumen1\vendor\league\oauth2-server\src\Exception\OAuthServerException.php:65
Stack trace:
#0 D:\xampp\htdocs\lumen\lumen1\vendor\league\oauth2-server\src\AuthorizationServer.php(196): League\OAuth2\Server\Exception\OAuthServerException::unsupportedGrantType()
#1 D:\xampp\htdocs\lumen\lumen1\vendor\dusterio\lumen-passport\src\Http\Controllers\AccessTokenController.php(34): League\OAuth2\Server\AuthorizationServer->respondToAccessTokenRequest(Object(Zend\Diactoros\ServerRequest), Object(Zend\Diactoros\Response))
#2 D:\xampp\htdocs\lumen\lumen1\vendor\laravel\passport\src\Http\Controllers\HandlesOAuthErrors.php(27): Dusterio\LumenPassport\Http\Controllers\AccessTokenController->Dusterio\LumenPassport\Http\Controllers\{closure}()
#3 D:\xampp\htdocs\lumen\lumen1\vendor\dusterio\lumen-passport\src\Http\Controllers\AccessTokenController.php(35): Laravel\Passport\Http\Controllers\AccessTokenController->withErrorHandling(Object(Closure))
#4 [internal function]: Dusterio\LumenPassport\Http\Controllers\AccessTokenController->issueToken(Object(Zend\Diactoros\ServerRequest))
#5 D:\xampp\htdocs\lumen\lumen1\vendor\illuminate\container\BoundMethod.php(29): call_user_func_array(Array, Array)
#6 D:\xampp\htdocs\lumen\lumen1\vendor\illuminate\container\BoundMethod.php(87): Illuminate\Container\BoundMethod::Illuminate\Container\{closure}()
#7 D:\xampp\htdocs\lumen\lumen1\vendor\illuminate\container\BoundMethod.php(31): Illuminate\Container\BoundMethod::callBoundMethod(Object(Laravel\Lumen\Application), Array, Object(Closure))
#8 D:\xampp\htdocs\lumen\lumen1\vendor\illuminate\container\Container.php(539): Illuminate\Container\BoundMethod::call(Object(Laravel\Lumen\Application), Array, Array, NULL)
#9 D:\xampp\htdocs\lumen\lumen1\vendor\laravel\lumen-framework\src\Concerns\RoutesRequests.php(741): Illuminate\Container\Container->call(Array, Array)
#10 D:\xampp\htdocs\lumen\lumen1\vendor\laravel\lumen-framework\src\Concerns\RoutesRequests.php(684): Laravel\Lumen\Application->callControllerCallable(Array, Array)
#11 D:\xampp\htdocs\lumen\lumen1\vendor\laravel\lumen-framework\src\Concerns\RoutesRequests.php(643): Laravel\Lumen\Application->callControllerAction(Array)
#12 D:\xampp\htdocs\lumen\lumen1\vendor\laravel\lumen-framework\src\Concerns\RoutesRequests.php(628): Laravel\Lumen\Application->callActionOnArrayBasedRoute(Array)
#13 D:\xampp\htdocs\lumen\lumen1\vendor\laravel\lumen-framework\src\Concerns\RoutesRequests.php(528): Laravel\Lumen\Application->handleFoundRoute(Array)
#14 D:\xampp\htdocs\lumen\lumen1\vendor\laravel\lumen-framework\src\Concerns\RoutesRequests.php(781): Laravel\Lumen\Application->Laravel\Lumen\Concerns\{closure}()
#15 D:\xampp\htdocs\lumen\lumen1\vendor\laravel\lumen-framework\src\Concerns\RoutesRequests.php(534): Laravel\Lumen\Application->sendThroughPipeline(Array, Object(Closure))
#16 D:\xampp\htdocs\lumen\lumen1\vendor\laravel\lumen-framework\src\Concerns\RoutesRequests.php(475): Laravel\Lumen\Application->dispatch(NULL)
#17 D:\xampp\htdocs\lumen\lumen1\public\index.php(28): Laravel\Lumen\Application->run()
#18 {main}  
[2018-02-19 10:35:47] lumen.ERROR: League\OAuth2\Server\Exception\OAuthServerException: The authorization grant type is not supported by the authorization server. in D:\xampp\htdocs\lumen\lumen1\vendor\league\oauth2-server\src\Exception\OAuthServerException.php:65
Stack trace:
#0 D:\xampp\htdocs\lumen\lumen1\vendor\league\oauth2-server\src\AuthorizationServer.php(196): League\OAuth2\Server\Exception\OAuthServerException::unsupportedGrantType()
#1 D:\xampp\htdocs\lumen\lumen1\vendor\dusterio\lumen-passport\src\Http\Controllers\AccessTokenController.php(34): League\OAuth2\Server\AuthorizationServer->respondToAccessTokenRequest(Object(Zend\Diactoros\ServerRequest), Object(Zend\Diactoros\Response))
#2 D:\xampp\htdocs\lumen\lumen1\vendor\laravel\passport\src\Http\Controllers\HandlesOAuthErrors.php(27): Dusterio\LumenPassport\Http\Controllers\AccessTokenController->Dusterio\LumenPassport\Http\Controllers\{closure}()
#3 D:\xampp\htdocs\lumen\lumen1\vendor\dusterio\lumen-passport\src\Http\Controllers\AccessTokenController.php(35): Laravel\Passport\Http\Controllers\AccessTokenController->withErrorHandling(Object(Closure))
#4 [internal function]: Dusterio\LumenPassport\Http\Controllers\AccessTokenController->issueToken(Object(Zend\Diactoros\ServerRequest))
#5 D:\xampp\htdocs\lumen\lumen1\vendor\illuminate\container\BoundMethod.php(29): call_user_func_array(Array, Array)
#6 D:\xampp\htdocs\lumen\lumen1\vendor\illuminate\container\BoundMethod.php(87): Illuminate\Container\BoundMethod::Illuminate\Container\{closure}()
#7 D:\xampp\htdocs\lumen\lumen1\vendor\illuminate\container\BoundMethod.php(31): Illuminate\Container\BoundMethod::callBoundMethod(Object(Laravel\Lumen\Application), Array, Object(Closure))
#8 D:\xampp\htdocs\lumen\lumen1\vendor\illuminate\container\Container.php(539): Illuminate\Container\BoundMethod::call(Object(Laravel\Lumen\Application), Array, Array, NULL)
#9 D:\xampp\htdocs\lumen\lumen1\vendor\laravel\lumen-framework\src\Concerns\RoutesRequests.php(741): Illuminate\Container\Container->call(Array, Array)
#10 D:\xampp\htdocs\lumen\lumen1\vendor\laravel\lumen-framework\src\Concerns\RoutesRequests.php(684): Laravel\Lumen\Application->callControllerCallable(Array, Array)
#11 D:\xampp\htdocs\lumen\lumen1\vendor\laravel\lumen-framework\src\Concerns\RoutesRequests.php(643): Laravel\Lumen\Application->callControllerAction(Array)
#12 D:\xampp\htdocs\lumen\lumen1\vendor\laravel\lumen-framework\src\Concerns\RoutesRequests.php(628): Laravel\Lumen\Application->callActionOnArrayBasedRoute(Array)
#13 D:\xampp\htdocs\lumen\lumen1\vendor\laravel\lumen-framework\src\Concerns\RoutesRequests.php(528): Laravel\Lumen\Application->handleFoundRoute(Array)
#14 D:\xampp\htdocs\lumen\lumen1\vendor\laravel\lumen-framework\src\Concerns\RoutesRequests.php(781): Laravel\Lumen\Application->Laravel\Lumen\Concerns\{closure}()
#15 D:\xampp\htdocs\lumen\lumen1\vendor\laravel\lumen-framework\src\Concerns\RoutesRequests.php(534): Laravel\Lumen\Application->sendThroughPipeline(Array, Object(Closure))
#16 D:\xampp\htdocs\lumen\lumen1\vendor\laravel\lumen-framework\src\Concerns\RoutesRequests.php(475): Laravel\Lumen\Application->dispatch(NULL)
#17 D:\xampp\htdocs\lumen\lumen1\public\index.php(28): Laravel\Lumen\Application->run()
#18 {main}  
[2018-02-19 10:41:38] lumen.ERROR: League\OAuth2\Server\Exception\OAuthServerException: The authorization grant type is not supported by the authorization server. in D:\xampp\htdocs\lumen\lumen1\vendor\league\oauth2-server\src\Exception\OAuthServerException.php:65
Stack trace:
#0 D:\xampp\htdocs\lumen\lumen1\vendor\league\oauth2-server\src\AuthorizationServer.php(196): League\OAuth2\Server\Exception\OAuthServerException::unsupportedGrantType()
#1 D:\xampp\htdocs\lumen\lumen1\vendor\dusterio\lumen-passport\src\Http\Controllers\AccessTokenController.php(34): League\OAuth2\Server\AuthorizationServer->respondToAccessTokenRequest(Object(Zend\Diactoros\ServerRequest), Object(Zend\Diactoros\Response))
#2 D:\xampp\htdocs\lumen\lumen1\vendor\laravel\passport\src\Http\Controllers\HandlesOAuthErrors.php(27): Dusterio\LumenPassport\Http\Controllers\AccessTokenController->Dusterio\LumenPassport\Http\Controllers\{closure}()
#3 D:\xampp\htdocs\lumen\lumen1\vendor\dusterio\lumen-passport\src\Http\Controllers\AccessTokenController.php(35): Laravel\Passport\Http\Controllers\AccessTokenController->withErrorHandling(Object(Closure))
#4 [internal function]: Dusterio\LumenPassport\Http\Controllers\AccessTokenController->issueToken(Object(Zend\Diactoros\ServerRequest))
#5 D:\xampp\htdocs\lumen\lumen1\vendor\illuminate\container\BoundMethod.php(29): call_user_func_array(Array, Array)
#6 D:\xampp\htdocs\lumen\lumen1\vendor\illuminate\container\BoundMethod.php(87): Illuminate\Container\BoundMethod::Illuminate\Container\{closure}()
#7 D:\xampp\htdocs\lumen\lumen1\vendor\illuminate\container\BoundMethod.php(31): Illuminate\Container\BoundMethod::callBoundMethod(Object(Laravel\Lumen\Application), Array, Object(Closure))
#8 D:\xampp\htdocs\lumen\lumen1\vendor\illuminate\container\Container.php(539): Illuminate\Container\BoundMethod::call(Object(Laravel\Lumen\Application), Array, Array, NULL)
#9 D:\xampp\htdocs\lumen\lumen1\vendor\laravel\lumen-framework\src\Concerns\RoutesRequests.php(741): Illuminate\Container\Container->call(Array, Array)
#10 D:\xampp\htdocs\lumen\lumen1\vendor\laravel\lumen-framework\src\Concerns\RoutesRequests.php(684): Laravel\Lumen\Application->callControllerCallable(Array, Array)
#11 D:\xampp\htdocs\lumen\lumen1\vendor\laravel\lumen-framework\src\Concerns\RoutesRequests.php(643): Laravel\Lumen\Application->callControllerAction(Array)
#12 D:\xampp\htdocs\lumen\lumen1\vendor\laravel\lumen-framework\src\Concerns\RoutesRequests.php(628): Laravel\Lumen\Application->callActionOnArrayBasedRoute(Array)
#13 D:\xampp\htdocs\lumen\lumen1\vendor\laravel\lumen-framework\src\Concerns\RoutesRequests.php(528): Laravel\Lumen\Application->handleFoundRoute(Array)
#14 D:\xampp\htdocs\lumen\lumen1\vendor\laravel\lumen-framework\src\Concerns\RoutesRequests.php(781): Laravel\Lumen\Application->Laravel\Lumen\Concerns\{closure}()
#15 D:\xampp\htdocs\lumen\lumen1\vendor\laravel\lumen-framework\src\Concerns\RoutesRequests.php(534): Laravel\Lumen\Application->sendThroughPipeline(Array, Object(Closure))
#16 D:\xampp\htdocs\lumen\lumen1\vendor\laravel\lumen-framework\src\Concerns\RoutesRequests.php(475): Laravel\Lumen\Application->dispatch(NULL)
#17 D:\xampp\htdocs\lumen\lumen1\public\index.php(28): Laravel\Lumen\Application->run()
#18 {main}  
[2018-02-19 10:46:01] lumen.ERROR: ErrorException: json_decode() expects parameter 1 to be string, array given in D:\xampp\htdocs\lumen\lumen1\routes\web.php:19
Stack trace:
#0 [internal function]: Laravel\Lumen\Application->Laravel\Lumen\Concerns\{closure}(2, 'json_decode() e...', 'D:\\xampp\\htdocs...', 19, Array)
#1 D:\xampp\htdocs\lumen\lumen1\routes\web.php(19): json_decode(Array)
#2 [internal function]: Closure->{closure}()
#3 D:\xampp\htdocs\lumen\lumen1\vendor\illuminate\container\BoundMethod.php(29): call_user_func_array(Object(Closure), Array)
#4 D:\xampp\htdocs\lumen\lumen1\vendor\illuminate\container\BoundMethod.php(75): Illuminate\Container\BoundMethod::Illuminate\Container\{closure}()
#5 D:\xampp\htdocs\lumen\lumen1\vendor\illuminate\container\BoundMethod.php(31): Illuminate\Container\BoundMethod::callBoundMethod(Object(Laravel\Lumen\Application), Object(Closure), Object(Closure))
#6 D:\xampp\htdocs\lumen\lumen1\vendor\illuminate\container\Container.php(539): Illuminate\Container\BoundMethod::call(Object(Laravel\Lumen\Application), Object(Closure), Array, NULL)
#7 D:\xampp\htdocs\lumen\lumen1\vendor\laravel\lumen-framework\src\Concerns\RoutesRequests.php(654): Illuminate\Container\Container->call(Object(Closure), Array)
#8 D:\xampp\htdocs\lumen\lumen1\vendor\laravel\lumen-framework\src\Concerns\RoutesRequests.php(628): Laravel\Lumen\Application->callActionOnArrayBasedRoute(Array)
#9 D:\xampp\htdocs\lumen\lumen1\vendor\laravel\lumen-framework\src\Concerns\RoutesRequests.php(528): Laravel\Lumen\Application->handleFoundRoute(Array)
#10 D:\xampp\htdocs\lumen\lumen1\vendor\laravel\lumen-framework\src\Concerns\RoutesRequests.php(781): Laravel\Lumen\Application->Laravel\Lumen\Concerns\{closure}()
#11 D:\xampp\htdocs\lumen\lumen1\vendor\laravel\lumen-framework\src\Concerns\RoutesRequests.php(534): Laravel\Lumen\Application->sendThroughPipeline(Array, Object(Closure))
#12 D:\xampp\htdocs\lumen\lumen1\vendor\laravel\lumen-framework\src\Concerns\RoutesRequests.php(475): Laravel\Lumen\Application->dispatch(NULL)
#13 D:\xampp\htdocs\lumen\lumen1\public\index.php(28): Laravel\Lumen\Application->run()
#14 {main}  
[2018-02-19 10:56:27] lumen.ERROR: League\OAuth2\Server\Exception\OAuthServerException: The authorization grant type is not supported by the authorization server. in D:\xampp\htdocs\lumen\lumen1\vendor\league\oauth2-server\src\Exception\OAuthServerException.php:65
Stack trace:
#0 D:\xampp\htdocs\lumen\lumen1\vendor\league\oauth2-server\src\AuthorizationServer.php(196): League\OAuth2\Server\Exception\OAuthServerException::unsupportedGrantType()
#1 D:\xampp\htdocs\lumen\lumen1\vendor\dusterio\lumen-passport\src\Http\Controllers\AccessTokenController.php(34): League\OAuth2\Server\AuthorizationServer->respondToAccessTokenRequest(Object(Zend\Diactoros\ServerRequest), Object(Zend\Diactoros\Response))
#2 D:\xampp\htdocs\lumen\lumen1\vendor\laravel\passport\src\Http\Controllers\HandlesOAuthErrors.php(27): Dusterio\LumenPassport\Http\Controllers\AccessTokenController->Dusterio\LumenPassport\Http\Controllers\{closure}()
#3 D:\xampp\htdocs\lumen\lumen1\vendor\dusterio\lumen-passport\src\Http\Controllers\AccessTokenController.php(35): Laravel\Passport\Http\Controllers\AccessTokenController->withErrorHandling(Object(Closure))
#4 [internal function]: Dusterio\LumenPassport\Http\Controllers\AccessTokenController->issueToken(Object(Zend\Diactoros\ServerRequest))
#5 D:\xampp\htdocs\lumen\lumen1\vendor\illuminate\container\BoundMethod.php(29): call_user_func_array(Array, Array)
#6 D:\xampp\htdocs\lumen\lumen1\vendor\illuminate\container\BoundMethod.php(87): Illuminate\Container\BoundMethod::Illuminate\Container\{closure}()
#7 D:\xampp\htdocs\lumen\lumen1\vendor\illuminate\container\BoundMethod.php(31): Illuminate\Container\BoundMethod::callBoundMethod(Object(Laravel\Lumen\Application), Array, Object(Closure))
#8 D:\xampp\htdocs\lumen\lumen1\vendor\illuminate\container\Container.php(539): Illuminate\Container\BoundMethod::call(Object(Laravel\Lumen\Application), Array, Array, NULL)
#9 D:\xampp\htdocs\lumen\lumen1\vendor\laravel\lumen-framework\src\Concerns\RoutesRequests.php(741): Illuminate\Container\Container->call(Array, Array)
#10 D:\xampp\htdocs\lumen\lumen1\vendor\laravel\lumen-framework\src\Concerns\RoutesRequests.php(684): Laravel\Lumen\Application->callControllerCallable(Array, Array)
#11 D:\xampp\htdocs\lumen\lumen1\vendor\laravel\lumen-framework\src\Concerns\RoutesRequests.php(643): Laravel\Lumen\Application->callControllerAction(Array)
#12 D:\xampp\htdocs\lumen\lumen1\vendor\laravel\lumen-framework\src\Concerns\RoutesRequests.php(628): Laravel\Lumen\Application->callActionOnArrayBasedRoute(Array)
#13 D:\xampp\htdocs\lumen\lumen1\vendor\laravel\lumen-framework\src\Concerns\RoutesRequests.php(528): Laravel\Lumen\Application->handleFoundRoute(Array)
#14 D:\xampp\htdocs\lumen\lumen1\vendor\laravel\lumen-framework\src\Concerns\RoutesRequests.php(781): Laravel\Lumen\Application->Laravel\Lumen\Concerns\{closure}()
#15 D:\xampp\htdocs\lumen\lumen1\vendor\laravel\lumen-framework\src\Concerns\RoutesRequests.php(534): Laravel\Lumen\Application->sendThroughPipeline(Array, Object(Closure))
#16 D:\xampp\htdocs\lumen\lumen1\vendor\laravel\lumen-framework\src\Concerns\RoutesRequests.php(475): Laravel\Lumen\Application->dispatch(NULL)
#17 D:\xampp\htdocs\lumen\lumen1\public\index.php(28): Laravel\Lumen\Application->run()
#18 {main}  
